<?xml version="1.0" encoding="UTF-8"?>
<!-- Generated by org.testng.reporters.JUnitReportReporter -->
<testsuite skipped="0" hostname="FAMINA" name="Tests.AmazonAppTest" tests="1" failures="0" timestamp="2019-12-10T07:14:33 IST" time="42.265" errors="0">
  <testcase name="amazonsearchIPhone" time="42.265" classname="Tests.AmazonAppTest"/>
</testsuite> <!-- Tests.AmazonAppTest -->
